<?xml version="1.0" encoding="UTF-8"?>
<!-- Generated by org.testng.reporters.JUnitReportReporter -->
<testsuite skipped="0" hostname="DESKTOP-HKMTI3S" name="org.sample.Facebook" tests="2" failures="0" timestamp="18 Nov 2020 15:21:34 GMT" time="12.481" errors="0">
  <testcase name="password" time="0.116" classname="org.sample.Facebook"/>
  <testcase name="email" time="12.365" classname="org.sample.Facebook"/>
</testsuite> <!-- org.sample.Facebook -->
